<?xml version="1.0" encoding="UTF-8"?>
<testsuites>
  <testsuite name="fastlane.lanes">
    
    
    
      
      <testcase classname="fastlane.lanes" name="0: default_platform" time="0.00091">
        
      </testcase>
    
      
      <testcase classname="fastlane.lanes" name="1: clean" time="2.303791">
        
      </testcase>
    
      
      <testcase classname="fastlane.lanes" name="2: slack" time="0.983093">
        
          <failure message="/Users/waqarvicky/AndroidStudioProjects/CICDTesting/vendor/bundle/ruby/2.6.0/gems/fastlane-2.191.0/fastlane/lib/fastlane/actions/actions_helper.rb:67:in `execute_action'&#10;/Users/waqarvicky/AndroidStudioProjects/CICDTesting/vendor/bundle/ruby/2.6.0/gems/fastlane-2.191.0/fastlane/lib/fastlane/runner.rb:255:in `block in execute_action'&#10;/Users/waqarvicky/AndroidStudioProjects/CICDTesting/vendor/bundle/ruby/2.6.0/gems/fastlane-2.191.0/fastlane/lib/fastlane/runner.rb:229:in `chdir'&#10;/Users/waqarvicky/AndroidStudioProjects/CICDTesting/vendor/bundle/ruby/2.6.0/gems/fastlane-2.191.0/fastlane/lib/fastlane/runner.rb:229:in `execute_action'&#10;/Users/waqarvicky/AndroidStudioProjects/CICDTesting/vendor/bundle/ruby/2.6.0/gems/fastlane-2.191.0/fastlane/lib/fastlane/runner.rb:157:in `trigger_action_by_name'&#10;/Users/waqarvicky/AndroidStudioProjects/CICDTesting/vendor/bundle/ruby/2.6.0/gems/fastlane-2.191.0/fastlane/lib/fastlane/fast_file.rb:159:in `method_missing'&#10;Fastfile:32:in `block (2 levels) in parsing_binding'&#10;/Users/waqarvicky/AndroidStudioProjects/CICDTesting/vendor/bundle/ruby/2.6.0/gems/fastlane-2.191.0/fastlane/lib/fastlane/runner.rb:291:in `execute_flow_block'&#10;/Users/waqarvicky/AndroidStudioProjects/CICDTesting/vendor/bundle/ruby/2.6.0/gems/fastlane-2.191.0/fastlane/lib/fastlane/runner.rb:54:in `block in execute'&#10;/Users/waqarvicky/AndroidStudioProjects/CICDTesting/vendor/bundle/ruby/2.6.0/gems/fastlane-2.191.0/fastlane/lib/fastlane/runner.rb:45:in `chdir'&#10;/Users/waqarvicky/AndroidStudioProjects/CICDTesting/vendor/bundle/ruby/2.6.0/gems/fastlane-2.191.0/fastlane/lib/fastlane/runner.rb:45:in `execute'&#10;/Users/waqarvicky/AndroidStudioProjects/CICDTesting/vendor/bundle/ruby/2.6.0/gems/fastlane-2.191.0/fastlane/lib/fastlane/lane_manager.rb:47:in `cruise_lane'&#10;/Users/waqarvicky/AndroidStudioProjects/CICDTesting/vendor/bundle/ruby/2.6.0/gems/fastlane-2.191.0/fastlane/lib/fastlane/command_line_handler.rb:36:in `handle'&#10;/Users/waqarvicky/AndroidStudioProjects/CICDTesting/vendor/bundle/ruby/2.6.0/gems/fastlane-2.191.0/fastlane/lib/fastlane/commands_generator.rb:109:in `block (2 levels) in run'&#10;/Users/waqarvicky/AndroidStudioProjects/CICDTesting/vendor/bundle/ruby/2.6.0/gems/commander-4.6.0/lib/commander/command.rb:187:in `call'&#10;/Users/waqarvicky/AndroidStudioProjects/CICDTesting/vendor/bundle/ruby/2.6.0/gems/commander-4.6.0/lib/commander/command.rb:157:in `run'&#10;/Users/waqarvicky/AndroidStudioProjects/CICDTesting/vendor/bundle/ruby/2.6.0/gems/commander-4.6.0/lib/commander/runner.rb:444:in `run_active_command'&#10;/Users/waqarvicky/AndroidStudioProjects/CICDTesting/vendor/bundle/ruby/2.6.0/gems/fastlane-2.191.0/fastlane_core/lib/fastlane_core/ui/fastlane_runner.rb:76:in `run!'&#10;/Users/waqarvicky/AndroidStudioProjects/CICDTesting/vendor/bundle/ruby/2.6.0/gems/commander-4.6.0/lib/commander/delegates.rb:18:in `run!'&#10;/Users/waqarvicky/AndroidStudioProjects/CICDTesting/vendor/bundle/ruby/2.6.0/gems/fastlane-2.191.0/fastlane/lib/fastlane/commands_generator.rb:353:in `run'&#10;/Users/waqarvicky/AndroidStudioProjects/CICDTesting/vendor/bundle/ruby/2.6.0/gems/fastlane-2.191.0/fastlane/lib/fastlane/commands_generator.rb:42:in `start'&#10;/Users/waqarvicky/AndroidStudioProjects/CICDTesting/vendor/bundle/ruby/2.6.0/gems/fastlane-2.191.0/fastlane/lib/fastlane/cli_tools_distributor.rb:122:in `take_off'&#10;/Users/waqarvicky/AndroidStudioProjects/CICDTesting/vendor/bundle/ruby/2.6.0/gems/fastlane-2.191.0/bin/fastlane:23:in `&lt;top (required)&gt;'&#10;/Users/waqarvicky/AndroidStudioProjects/CICDTesting/vendor/bundle/ruby/2.6.0/bin/fastlane:23:in `load'&#10;/Users/waqarvicky/AndroidStudioProjects/CICDTesting/vendor/bundle/ruby/2.6.0/bin/fastlane:23:in `&lt;top (required)&gt;'&#10;/Users/waqarvicky/.gem/ruby/2.6.0/gems/bundler-2.2.25/lib/bundler/cli/exec.rb:63:in `load'&#10;/Users/waqarvicky/.gem/ruby/2.6.0/gems/bundler-2.2.25/lib/bundler/cli/exec.rb:63:in `kernel_load'&#10;/Users/waqarvicky/.gem/ruby/2.6.0/gems/bundler-2.2.25/lib/bundler/cli/exec.rb:28:in `run'&#10;/Users/waqarvicky/.gem/ruby/2.6.0/gems/bundler-2.2.25/lib/bundler/cli.rb:481:in `exec'&#10;/Users/waqarvicky/.gem/ruby/2.6.0/gems/bundler-2.2.25/lib/bundler/vendor/thor/lib/thor/command.rb:27:in `run'&#10;/Users/waqarvicky/.gem/ruby/2.6.0/gems/bundler-2.2.25/lib/bundler/vendor/thor/lib/thor/invocation.rb:127:in `invoke_command'&#10;/Users/waqarvicky/.gem/ruby/2.6.0/gems/bundler-2.2.25/lib/bundler/vendor/thor/lib/thor.rb:392:in `dispatch'&#10;/Users/waqarvicky/.gem/ruby/2.6.0/gems/bundler-2.2.25/lib/bundler/cli.rb:31:in `dispatch'&#10;/Users/waqarvicky/.gem/ruby/2.6.0/gems/bundler-2.2.25/lib/bundler/vendor/thor/lib/thor/base.rb:485:in `start'&#10;/Users/waqarvicky/.gem/ruby/2.6.0/gems/bundler-2.2.25/lib/bundler/cli.rb:25:in `start'&#10;/Users/waqarvicky/.gem/ruby/2.6.0/gems/bundler-2.2.25/exe/bundle:49:in `block in &lt;top (required)&gt;'&#10;/Users/waqarvicky/.gem/ruby/2.6.0/gems/bundler-2.2.25/lib/bundler/friendly_errors.rb:128:in `with_friendly_errors'&#10;/Users/waqarvicky/.gem/ruby/2.6.0/gems/bundler-2.2.25/exe/bundle:37:in `&lt;top (required)&gt;'&#10;/usr/local/bin/bundle:23:in `load'&#10;/usr/local/bin/bundle:23:in `&lt;main&gt;'&#10;&#10;Error pushing Slack message, maybe the integration has no permission to post on this channel? Try removing the channel parameter in your Fastfile, this is usually caused by a misspelled or changed group/channel name or an expired SLACK_URL" />
        
      </testcase>
    
      
      <testcase classname="fastlane.lanes" name="3: slack" time="0.818725">
        
          <failure message="/Users/waqarvicky/AndroidStudioProjects/CICDTesting/vendor/bundle/ruby/2.6.0/gems/fastlane-2.191.0/fastlane/lib/fastlane/actions/actions_helper.rb:67:in `execute_action'&#10;/Users/waqarvicky/AndroidStudioProjects/CICDTesting/vendor/bundle/ruby/2.6.0/gems/fastlane-2.191.0/fastlane/lib/fastlane/runner.rb:255:in `block in execute_action'&#10;/Users/waqarvicky/AndroidStudioProjects/CICDTesting/vendor/bundle/ruby/2.6.0/gems/fastlane-2.191.0/fastlane/lib/fastlane/runner.rb:229:in `chdir'&#10;/Users/waqarvicky/AndroidStudioProjects/CICDTesting/vendor/bundle/ruby/2.6.0/gems/fastlane-2.191.0/fastlane/lib/fastlane/runner.rb:229:in `execute_action'&#10;/Users/waqarvicky/AndroidStudioProjects/CICDTesting/vendor/bundle/ruby/2.6.0/gems/fastlane-2.191.0/fastlane/lib/fastlane/runner.rb:157:in `trigger_action_by_name'&#10;/Users/waqarvicky/AndroidStudioProjects/CICDTesting/vendor/bundle/ruby/2.6.0/gems/fastlane-2.191.0/fastlane/lib/fastlane/fast_file.rb:159:in `method_missing'&#10;Fastfile:38:in `block (2 levels) in parsing_binding'&#10;/Users/waqarvicky/AndroidStudioProjects/CICDTesting/vendor/bundle/ruby/2.6.0/gems/fastlane-2.191.0/fastlane/lib/fastlane/runner.rb:62:in `block in execute'&#10;/Users/waqarvicky/AndroidStudioProjects/CICDTesting/vendor/bundle/ruby/2.6.0/gems/fastlane-2.191.0/fastlane/lib/fastlane/runner.rb:59:in `chdir'&#10;/Users/waqarvicky/AndroidStudioProjects/CICDTesting/vendor/bundle/ruby/2.6.0/gems/fastlane-2.191.0/fastlane/lib/fastlane/runner.rb:59:in `rescue in execute'&#10;/Users/waqarvicky/AndroidStudioProjects/CICDTesting/vendor/bundle/ruby/2.6.0/gems/fastlane-2.191.0/fastlane/lib/fastlane/runner.rb:44:in `execute'&#10;/Users/waqarvicky/AndroidStudioProjects/CICDTesting/vendor/bundle/ruby/2.6.0/gems/fastlane-2.191.0/fastlane/lib/fastlane/lane_manager.rb:47:in `cruise_lane'&#10;/Users/waqarvicky/AndroidStudioProjects/CICDTesting/vendor/bundle/ruby/2.6.0/gems/fastlane-2.191.0/fastlane/lib/fastlane/command_line_handler.rb:36:in `handle'&#10;/Users/waqarvicky/AndroidStudioProjects/CICDTesting/vendor/bundle/ruby/2.6.0/gems/fastlane-2.191.0/fastlane/lib/fastlane/commands_generator.rb:109:in `block (2 levels) in run'&#10;/Users/waqarvicky/AndroidStudioProjects/CICDTesting/vendor/bundle/ruby/2.6.0/gems/commander-4.6.0/lib/commander/command.rb:187:in `call'&#10;/Users/waqarvicky/AndroidStudioProjects/CICDTesting/vendor/bundle/ruby/2.6.0/gems/commander-4.6.0/lib/commander/command.rb:157:in `run'&#10;/Users/waqarvicky/AndroidStudioProjects/CICDTesting/vendor/bundle/ruby/2.6.0/gems/commander-4.6.0/lib/commander/runner.rb:444:in `run_active_command'&#10;/Users/waqarvicky/AndroidStudioProjects/CICDTesting/vendor/bundle/ruby/2.6.0/gems/fastlane-2.191.0/fastlane_core/lib/fastlane_core/ui/fastlane_runner.rb:76:in `run!'&#10;/Users/waqarvicky/AndroidStudioProjects/CICDTesting/vendor/bundle/ruby/2.6.0/gems/commander-4.6.0/lib/commander/delegates.rb:18:in `run!'&#10;/Users/waqarvicky/AndroidStudioProjects/CICDTesting/vendor/bundle/ruby/2.6.0/gems/fastlane-2.191.0/fastlane/lib/fastlane/commands_generator.rb:353:in `run'&#10;/Users/waqarvicky/AndroidStudioProjects/CICDTesting/vendor/bundle/ruby/2.6.0/gems/fastlane-2.191.0/fastlane/lib/fastlane/commands_generator.rb:42:in `start'&#10;/Users/waqarvicky/AndroidStudioProjects/CICDTesting/vendor/bundle/ruby/2.6.0/gems/fastlane-2.191.0/fastlane/lib/fastlane/cli_tools_distributor.rb:122:in `take_off'&#10;/Users/waqarvicky/AndroidStudioProjects/CICDTesting/vendor/bundle/ruby/2.6.0/gems/fastlane-2.191.0/bin/fastlane:23:in `&lt;top (required)&gt;'&#10;/Users/waqarvicky/AndroidStudioProjects/CICDTesting/vendor/bundle/ruby/2.6.0/bin/fastlane:23:in `load'&#10;/Users/waqarvicky/AndroidStudioProjects/CICDTesting/vendor/bundle/ruby/2.6.0/bin/fastlane:23:in `&lt;top (required)&gt;'&#10;/Users/waqarvicky/.gem/ruby/2.6.0/gems/bundler-2.2.25/lib/bundler/cli/exec.rb:63:in `load'&#10;/Users/waqarvicky/.gem/ruby/2.6.0/gems/bundler-2.2.25/lib/bundler/cli/exec.rb:63:in `kernel_load'&#10;/Users/waqarvicky/.gem/ruby/2.6.0/gems/bundler-2.2.25/lib/bundler/cli/exec.rb:28:in `run'&#10;/Users/waqarvicky/.gem/ruby/2.6.0/gems/bundler-2.2.25/lib/bundler/cli.rb:481:in `exec'&#10;/Users/waqarvicky/.gem/ruby/2.6.0/gems/bundler-2.2.25/lib/bundler/vendor/thor/lib/thor/command.rb:27:in `run'&#10;/Users/waqarvicky/.gem/ruby/2.6.0/gems/bundler-2.2.25/lib/bundler/vendor/thor/lib/thor/invocation.rb:127:in `invoke_command'&#10;/Users/waqarvicky/.gem/ruby/2.6.0/gems/bundler-2.2.25/lib/bundler/vendor/thor/lib/thor.rb:392:in `dispatch'&#10;/Users/waqarvicky/.gem/ruby/2.6.0/gems/bundler-2.2.25/lib/bundler/cli.rb:31:in `dispatch'&#10;/Users/waqarvicky/.gem/ruby/2.6.0/gems/bundler-2.2.25/lib/bundler/vendor/thor/lib/thor/base.rb:485:in `start'&#10;/Users/waqarvicky/.gem/ruby/2.6.0/gems/bundler-2.2.25/lib/bundler/cli.rb:25:in `start'&#10;/Users/waqarvicky/.gem/ruby/2.6.0/gems/bundler-2.2.25/exe/bundle:49:in `block in &lt;top (required)&gt;'&#10;/Users/waqarvicky/.gem/ruby/2.6.0/gems/bundler-2.2.25/lib/bundler/friendly_errors.rb:128:in `with_friendly_errors'&#10;/Users/waqarvicky/.gem/ruby/2.6.0/gems/bundler-2.2.25/exe/bundle:37:in `&lt;top (required)&gt;'&#10;/usr/local/bin/bundle:23:in `load'&#10;/usr/local/bin/bundle:23:in `&lt;main&gt;'&#10;&#10;Error pushing Slack message, maybe the integration has no permission to post on this channel? Try removing the channel parameter in your Fastfile, this is usually caused by a misspelled or changed group/channel name or an expired SLACK_URL" />
        
      </testcase>
    
  </testsuite>
</testsuites>
